{"E:\\DFCOM\\mobile\\src\\components\\button.tsx": {"path":"E:\\DFCOM\\mobile\\src\\components\\button.tsx","statementMap":{"0":{"start":{"line":10,"column":2},"end":{"line":23,"column":3}}},"fnMap":{"0":{"name":"Button","decl":{"start":{"line":9,"column":16},"end":{"line":9,"column":22}},"loc":{"start":{"line":9,"column":61},"end":{"line":24,"column":1}},"line":9}},"branchMap":{"0":{"loc":{"start":{"line":17,"column":7},"end":{"line":21,"column":7}},"type":"cond-expr","locations":[{"start":{"line":18,"column":8},"end":{"line":18,"column":19}},{"start":{},"end":{}}],"line":17}},"s":{"0":12},"f":{"0":12},"b":{"0":[1,11]},"_coverageSchema":"1a1c01bbd47fc00a2c39e90264f33305004495a9","hash":"ed3d0dbe31a782f296ee3b6d71cf8324418b05db"}
,"E:\\DFCOM\\mobile\\src\\components\\cardsMonitoring.tsx": {"path":"E:\\DFCOM\\mobile\\src\\components\\cardsMonitoring.tsx","statementMap":{"0":{"start":{"line":9,"column":2},"end":{"line":14,"column":3}}},"fnMap":{"0":{"name":"CardsMonitoring","decl":{"start":{"line":8,"column":16},"end":{"line":8,"column":31}},"loc":{"start":{"line":8,"column":57},"end":{"line":15,"column":1}},"line":8}},"branchMap":{},"s":{"0":6},"f":{"0":6},"b":{},"_coverageSchema":"1a1c01bbd47fc00a2c39e90264f33305004495a9","hash":"82845ff4d78662dfcb982fa924c39d27246a8860"}
,"E:\\DFCOM\\mobile\\src\\components\\cardsProduct.tsx": {"path":"E:\\DFCOM\\mobile\\src\\components\\cardsProduct.tsx","statementMap":{"0":{"start":{"line":11,"column":2},"end":{"line":28,"column":3}}},"fnMap":{"0":{"name":"CardProducts","decl":{"start":{"line":10,"column":16},"end":{"line":10,"column":28}},"loc":{"start":{"line":10,"column":69},"end":{"line":29,"column":1}},"line":10}},"branchMap":{},"s":{"0":2},"f":{"0":2},"b":{},"_coverageSchema":"1a1c01bbd47fc00a2c39e90264f33305004495a9","hash":"68b1d5fe3f18bece53a480144b7d070c6792e28c"}
,"E:\\DFCOM\\mobile\\src\\components\\errorMessage.tsx": {"path":"E:\\DFCOM\\mobile\\src\\components\\errorMessage.tsx","statementMap":{"0":{"start":{"line":9,"column":2},"end":{"line":18,"column":3}}},"fnMap":{"0":{"name":"ErrorMessage","decl":{"start":{"line":8,"column":16},"end":{"line":8,"column":28}},"loc":{"start":{"line":8,"column":70},"end":{"line":19,"column":1}},"line":8}},"branchMap":{"0":{"loc":{"start":{"line":13,"column":23},"end":{"line":13,"column":46}},"type":"cond-expr","locations":[{"start":{"line":13,"column":33},"end":{"line":13,"column":42}},{"start":{"line":13,"column":45},"end":{"line":13,"column":46}}],"line":13}},"s":{"0":18},"f":{"0":18},"b":{"0":[4,14]},"_coverageSchema":"1a1c01bbd47fc00a2c39e90264f33305004495a9","hash":"e888c804b596c4deef8992d220a7d9cb1ad3c81a"}
,"E:\\DFCOM\\mobile\\src\\components\\flatListEmpty.tsx": {"path":"E:\\DFCOM\\mobile\\src\\components\\flatListEmpty.tsx","statementMap":{"0":{"start":{"line":4,"column":2},"end":{"line":11,"column":3}}},"fnMap":{"0":{"name":"FlatListEmpty","decl":{"start":{"line":3,"column":16},"end":{"line":3,"column":29}},"loc":{"start":{"line":3,"column":32},"end":{"line":12,"column":1}},"line":3}},"branchMap":{},"s":{"0":1},"f":{"0":1},"b":{},"_coverageSchema":"1a1c01bbd47fc00a2c39e90264f33305004495a9","hash":"12e6cf81682426c70ceee68a9a066ce3c22409ce"}
,"E:\\DFCOM\\mobile\\src\\components\\homeHeader.tsx": {"path":"E:\\DFCOM\\mobile\\src\\components\\homeHeader.tsx","statementMap":{"0":{"start":{"line":8,"column":31},"end":{"line":8,"column":45}},"1":{"start":{"line":9,"column":2},"end":{"line":20,"column":3}}},"fnMap":{"0":{"name":"HomeHeader","decl":{"start":{"line":7,"column":16},"end":{"line":7,"column":26}},"loc":{"start":{"line":7,"column":29},"end":{"line":21,"column":1}},"line":7}},"branchMap":{},"s":{"0":2,"1":2},"f":{"0":2},"b":{},"_coverageSchema":"1a1c01bbd47fc00a2c39e90264f33305004495a9","hash":"fa0fb3a2bb68dfb4c9451f61f1dca6c34f72bcdd"}
,"E:\\DFCOM\\mobile\\src\\components\\input.tsx": {"path":"E:\\DFCOM\\mobile\\src\\components\\input.tsx","statementMap":{"0":{"start":{"line":9,"column":2},"end":{"line":16,"column":3}},"1":{"start":{"line":20,"column":2},"end":{"line":22,"column":3}},"2":{"start":{"line":25,"column":0},"end":{"line":25,"column":19}}},"fnMap":{"0":{"name":"Input","decl":{"start":{"line":8,"column":9},"end":{"line":8,"column":14}},"loc":{"start":{"line":8,"column":45},"end":{"line":17,"column":1}},"line":8},"1":{"name":"Field","decl":{"start":{"line":19,"column":9},"end":{"line":19,"column":14}},"loc":{"start":{"line":19,"column":44},"end":{"line":23,"column":1}},"line":19}},"branchMap":{},"s":{"0":15,"1":15,"2":2},"f":{"0":15,"1":15},"b":{},"_coverageSchema":"1a1c01bbd47fc00a2c39e90264f33305004495a9","hash":"369e53badcbcbff3118ebeb6eb78ca3ed5ec99ae"}
,"E:\\DFCOM\\mobile\\src\\components\\loading.tsx": {"path":"E:\\DFCOM\\mobile\\src\\components\\loading.tsx","statementMap":{"0":{"start":{"line":4,"column":2},"end":{"line":8,"column":3}}},"fnMap":{"0":{"name":"Loading","decl":{"start":{"line":3,"column":16},"end":{"line":3,"column":23}},"loc":{"start":{"line":3,"column":26},"end":{"line":9,"column":1}},"line":3}},"branchMap":{},"s":{"0":3},"f":{"0":3},"b":{},"_coverageSchema":"1a1c01bbd47fc00a2c39e90264f33305004495a9","hash":"03b6bc385e9b04cc606822949ad7797319bf36a0"}
,"E:\\DFCOM\\mobile\\src\\components\\productsRecent.tsx": {"path":"E:\\DFCOM\\mobile\\src\\components\\productsRecent.tsx","statementMap":{"0":{"start":{"line":11,"column":2},"end":{"line":24,"column":3}}},"fnMap":{"0":{"name":"ProductsRecent","decl":{"start":{"line":10,"column":16},"end":{"line":10,"column":30}},"loc":{"start":{"line":10,"column":64},"end":{"line":25,"column":1}},"line":10}},"branchMap":{},"s":{"0":1},"f":{"0":1},"b":{},"_coverageSchema":"1a1c01bbd47fc00a2c39e90264f33305004495a9","hash":"bb6bab536224a58e48a7aa4d944b94e479f293fa"}
,"E:\\DFCOM\\mobile\\src\\lib\\api.ts": {"path":"E:\\DFCOM\\mobile\\src\\lib\\api.ts","statementMap":{"0":{"start":{"line":3,"column":19},"end":{"line":5,"column":2}}},"fnMap":{},"branchMap":{},"s":{"0":4},"f":{},"b":{},"_coverageSchema":"1a1c01bbd47fc00a2c39e90264f33305004495a9","hash":"57728255a661b97f5d2011dde1ea40754cd8798b"}
,"E:\\DFCOM\\mobile\\src\\routes\\app.routes.tsx": {"path":"E:\\DFCOM\\mobile\\src\\routes\\app.routes.tsx","statementMap":{"0":{"start":{"line":24,"column":30},"end":{"line":24,"column":67}},"1":{"start":{"line":27,"column":2},"end":{"line":85,"column":3}},"2":{"start":{"line":48,"column":12},"end":{"line":48,"column":68}},"3":{"start":{"line":57,"column":12},"end":{"line":57,"column":78}},"4":{"start":{"line":66,"column":12},"end":{"line":66,"column":55}},"5":{"start":{"line":74,"column":30},"end":{"line":74,"column":34}},"6":{"start":{"line":81,"column":30},"end":{"line":81,"column":34}}},"fnMap":{"0":{"name":"AppRoutes","decl":{"start":{"line":26,"column":16},"end":{"line":26,"column":25}},"loc":{"start":{"line":26,"column":28},"end":{"line":86,"column":1}},"line":26},"1":{"name":"(anonymous_1)","decl":{"start":{"line":47,"column":22},"end":{"line":47,"column":23}},"loc":{"start":{"line":48,"column":12},"end":{"line":48,"column":68}},"line":48},"2":{"name":"(anonymous_2)","decl":{"start":{"line":56,"column":22},"end":{"line":56,"column":23}},"loc":{"start":{"line":57,"column":12},"end":{"line":57,"column":78}},"line":57},"3":{"name":"(anonymous_3)","decl":{"start":{"line":65,"column":22},"end":{"line":65,"column":23}},"loc":{"start":{"line":66,"column":12},"end":{"line":66,"column":55}},"line":66},"4":{"name":"(anonymous_4)","decl":{"start":{"line":74,"column":24},"end":{"line":74,"column":25}},"loc":{"start":{"line":74,"column":30},"end":{"line":74,"column":34}},"line":74},"5":{"name":"(anonymous_5)","decl":{"start":{"line":81,"column":24},"end":{"line":81,"column":25}},"loc":{"start":{"line":81,"column":30},"end":{"line":81,"column":34}},"line":81}},"branchMap":{"0":{"loc":{"start":{"line":37,"column":18},"end":{"line":37,"column":57}},"type":"cond-expr","locations":[{"start":{"line":37,"column":46},"end":{"line":37,"column":52}},{"start":{"line":37,"column":55},"end":{"line":37,"column":57}}],"line":37}},"s":{"0":1,"1":3,"2":4,"3":4,"4":4,"5":2,"6":2},"f":{"0":3,"1":4,"2":4,"3":4,"4":2,"5":2},"b":{"0":[0,3]},"_coverageSchema":"1a1c01bbd47fc00a2c39e90264f33305004495a9","hash":"4938a3122f8cbdc27127422c3329902420ad9466"}
,"E:\\DFCOM\\mobile\\src\\screens\\DetailsProduct.tsx": {"path":"E:\\DFCOM\\mobile\\src\\screens\\DetailsProduct.tsx","statementMap":{"0":{"start":{"line":19,"column":4},"end":{"line":19,"column":21}},"1":{"start":{"line":20,"column":36},"end":{"line":20,"column":51}},"2":{"start":{"line":21,"column":23},"end":{"line":21,"column":37}},"3":{"start":{"line":22,"column":21},"end":{"line":22,"column":62}},"4":{"start":{"line":23,"column":16},"end":{"line":23,"column":26}},"5":{"start":{"line":25,"column":24},"end":{"line":25,"column":57}},"6":{"start":{"line":28,"column":4},"end":{"line":28,"column":22}},"7":{"start":{"line":29,"column":4},"end":{"line":36,"column":5}},"8":{"start":{"line":30,"column":23},"end":{"line":30,"column":61}},"9":{"start":{"line":31,"column":6},"end":{"line":31,"column":35}},"10":{"start":{"line":33,"column":6},"end":{"line":33,"column":62}},"11":{"start":{"line":35,"column":6},"end":{"line":35,"column":25}},"12":{"start":{"line":39,"column":2},"end":{"line":41,"column":17}},"13":{"start":{"line":40,"column":4},"end":{"line":40,"column":26}},"14":{"start":{"line":44,"column":4},"end":{"line":71,"column":5}},"15":{"start":{"line":45,"column":6},"end":{"line":68,"column":7}},"16":{"start":{"line":56,"column":14},"end":{"line":64,"column":15}},"17":{"start":{"line":57,"column":16},"end":{"line":57,"column":57}},"18":{"start":{"line":58,"column":16},"end":{"line":58,"column":79}},"19":{"start":{"line":59,"column":16},"end":{"line":59,"column":40}},"20":{"start":{"line":60,"column":16},"end":{"line":60,"column":34}},"21":{"start":{"line":61,"column":16},"end":{"line":61,"column":43}},"22":{"start":{"line":63,"column":16},"end":{"line":63,"column":78}},"23":{"start":{"line":70,"column":6},"end":{"line":70,"column":68}},"24":{"start":{"line":74,"column":2},"end":{"line":76,"column":3}},"25":{"start":{"line":75,"column":4},"end":{"line":75,"column":22}},"26":{"start":{"line":78,"column":2},"end":{"line":136,"column":3}},"27":{"start":{"line":81,"column":50},"end":{"line":81,"column":69}},"28":{"start":{"line":126,"column":27},"end":{"line":126,"column":69}},"29":{"start":{"line":131,"column":27},"end":{"line":131,"column":48}}},"fnMap":{"0":{"name":"DetailsProduct","decl":{"start":{"line":17,"column":16},"end":{"line":17,"column":30}},"loc":{"start":{"line":17,"column":33},"end":{"line":137,"column":1}},"line":17},"1":{"name":"fetchProductsDetails","decl":{"start":{"line":27,"column":17},"end":{"line":27,"column":37}},"loc":{"start":{"line":27,"column":40},"end":{"line":37,"column":3}},"line":27},"2":{"name":"(anonymous_2)","decl":{"start":{"line":39,"column":12},"end":{"line":39,"column":13}},"loc":{"start":{"line":39,"column":18},"end":{"line":41,"column":3}},"line":39},"3":{"name":"handleDeleteProduct","decl":{"start":{"line":43,"column":17},"end":{"line":43,"column":36}},"loc":{"start":{"line":43,"column":39},"end":{"line":72,"column":3}},"line":43},"4":{"name":"(anonymous_4)","decl":{"start":{"line":55,"column":21},"end":{"line":55,"column":22}},"loc":{"start":{"line":55,"column":33},"end":{"line":65,"column":13}},"line":55},"5":{"name":"(anonymous_5)","decl":{"start":{"line":81,"column":44},"end":{"line":81,"column":45}},"loc":{"start":{"line":81,"column":50},"end":{"line":81,"column":69}},"line":81},"6":{"name":"(anonymous_6)","decl":{"start":{"line":126,"column":21},"end":{"line":126,"column":22}},"loc":{"start":{"line":126,"column":27},"end":{"line":126,"column":69}},"line":126},"7":{"name":"(anonymous_7)","decl":{"start":{"line":131,"column":21},"end":{"line":131,"column":22}},"loc":{"start":{"line":131,"column":27},"end":{"line":131,"column":48}},"line":131}},"branchMap":{"0":{"loc":{"start":{"line":74,"column":2},"end":{"line":76,"column":3}},"type":"if","locations":[{"start":{"line":74,"column":2},"end":{"line":76,"column":3}},{"start":{},"end":{}}],"line":74},"1":{"loc":{"start":{"line":121,"column":7},"end":{"line":134,"column":14}},"type":"cond-expr","locations":[{"start":{},"end":{}},{"start":{"line":134,"column":10},"end":{"line":134,"column":14}}],"line":121}},"s":{"0":0,"1":0,"2":0,"3":0,"4":0,"5":0,"6":0,"7":0,"8":0,"9":0,"10":0,"11":0,"12":0,"13":0,"14":0,"15":0,"16":0,"17":0,"18":0,"19":0,"20":0,"21":0,"22":0,"23":0,"24":0,"25":0,"26":0,"27":0,"28":0,"29":0},"f":{"0":0,"1":0,"2":0,"3":0,"4":0,"5":0,"6":0,"7":0},"b":{"0":[0,0],"1":[0,0]},"_coverageSchema":"1a1c01bbd47fc00a2c39e90264f33305004495a9","hash":"bdd5696f2d91969c4b8ad077df7c31deaf16d6d2"}
,"E:\\DFCOM\\mobile\\src\\screens\\EditProduct.tsx": {"path":"E:\\DFCOM\\mobile\\src\\screens\\EditProduct.tsx","statementMap":{"0":{"start":{"line":14,"column":26},"end":{"line":22,"column":2}},"1":{"start":{"line":27,"column":16},"end":{"line":27,"column":26}},"2":{"start":{"line":28,"column":54},"end":{"line":28,"column":71}},"3":{"start":{"line":30,"column":21},"end":{"line":30,"column":62}},"4":{"start":{"line":31,"column":24},"end":{"line":31,"column":57}},"5":{"start":{"line":33,"column":18},"end":{"line":33,"column":58}},"6":{"start":{"line":33,"column":39},"end":{"line":33,"column":57}},"7":{"start":{"line":40,"column":6},"end":{"line":49,"column":4}},"8":{"start":{"line":52,"column":4},"end":{"line":52,"column":23}},"9":{"start":{"line":53,"column":4},"end":{"line":53,"column":11}},"10":{"start":{"line":57,"column":4},"end":{"line":70,"column":5}},"11":{"start":{"line":58,"column":29},"end":{"line":58,"column":52}},"12":{"start":{"line":60,"column":23},"end":{"line":60,"column":77}},"13":{"start":{"line":62,"column":28},"end":{"line":62,"column":41}},"14":{"start":{"line":64,"column":6},"end":{"line":64,"column":34}},"15":{"start":{"line":65,"column":6},"end":{"line":65,"column":35}},"16":{"start":{"line":67,"column":6},"end":{"line":67,"column":25}},"17":{"start":{"line":69,"column":6},"end":{"line":69,"column":69}},"18":{"start":{"line":73,"column":2},"end":{"line":161,"column":3}},"19":{"start":{"line":86,"column":14},"end":{"line":91,"column":17}},"20":{"start":{"line":99,"column":14},"end":{"line":104,"column":17}},"21":{"start":{"line":112,"column":14},"end":{"line":117,"column":17}},"22":{"start":{"line":125,"column":14},"end":{"line":130,"column":17}},"23":{"start":{"line":138,"column":14},"end":{"line":143,"column":17}}},"fnMap":{"0":{"name":"EditProduct","decl":{"start":{"line":26,"column":16},"end":{"line":26,"column":27}},"loc":{"start":{"line":26,"column":30},"end":{"line":162,"column":1}},"line":26},"1":{"name":"(anonymous_1)","decl":{"start":{"line":33,"column":32},"end":{"line":33,"column":33}},"loc":{"start":{"line":33,"column":39},"end":{"line":33,"column":57}},"line":33},"2":{"name":"handleCancel","decl":{"start":{"line":51,"column":11},"end":{"line":51,"column":23}},"loc":{"start":{"line":51,"column":26},"end":{"line":54,"column":3}},"line":51},"3":{"name":"onSubmit","decl":{"start":{"line":56,"column":17},"end":{"line":56,"column":25}},"loc":{"start":{"line":56,"column":49},"end":{"line":71,"column":3}},"line":56},"4":{"name":"(anonymous_4)","decl":{"start":{"line":85,"column":20},"end":{"line":85,"column":21}},"loc":{"start":{"line":86,"column":14},"end":{"line":91,"column":17}},"line":86},"5":{"name":"(anonymous_5)","decl":{"start":{"line":98,"column":20},"end":{"line":98,"column":21}},"loc":{"start":{"line":99,"column":14},"end":{"line":104,"column":17}},"line":99},"6":{"name":"(anonymous_6)","decl":{"start":{"line":111,"column":20},"end":{"line":111,"column":21}},"loc":{"start":{"line":112,"column":14},"end":{"line":117,"column":17}},"line":112},"7":{"name":"(anonymous_7)","decl":{"start":{"line":124,"column":20},"end":{"line":124,"column":21}},"loc":{"start":{"line":125,"column":14},"end":{"line":130,"column":17}},"line":125},"8":{"name":"(anonymous_8)","decl":{"start":{"line":137,"column":20},"end":{"line":137,"column":21}},"loc":{"start":{"line":138,"column":14},"end":{"line":143,"column":17}},"line":138}},"branchMap":{"0":{"loc":{"start":{"line":43,"column":12},"end":{"line":43,"column":31}},"type":"binary-expr","locations":[{"start":{"line":43,"column":12},"end":{"line":43,"column":25}},{"start":{"line":43,"column":29},"end":{"line":43,"column":31}}],"line":43},"1":{"loc":{"start":{"line":44,"column":19},"end":{"line":44,"column":45}},"type":"binary-expr","locations":[{"start":{"line":44,"column":19},"end":{"line":44,"column":39}},{"start":{"line":44,"column":43},"end":{"line":44,"column":45}}],"line":44},"2":{"loc":{"start":{"line":45,"column":13},"end":{"line":45,"column":33}},"type":"binary-expr","locations":[{"start":{"line":45,"column":13},"end":{"line":45,"column":27}},{"start":{"line":45,"column":31},"end":{"line":45,"column":33}}],"line":45},"3":{"loc":{"start":{"line":46,"column":16},"end":{"line":46,"column":39}},"type":"binary-expr","locations":[{"start":{"line":46,"column":16},"end":{"line":46,"column":33}},{"start":{"line":46,"column":37},"end":{"line":46,"column":39}}],"line":46},"4":{"loc":{"start":{"line":47,"column":13},"end":{"line":47,"column":33}},"type":"binary-expr","locations":[{"start":{"line":47,"column":13},"end":{"line":47,"column":27}},{"start":{"line":47,"column":31},"end":{"line":47,"column":33}}],"line":47}},"s":{"0":1,"1":0,"2":0,"3":0,"4":0,"5":0,"6":0,"7":0,"8":0,"9":0,"10":0,"11":0,"12":0,"13":0,"14":0,"15":0,"16":0,"17":0,"18":0,"19":0,"20":0,"21":0,"22":0,"23":0},"f":{"0":0,"1":0,"2":0,"3":0,"4":0,"5":0,"6":0,"7":0,"8":0},"b":{"0":[0,0],"1":[0,0],"2":[0,0],"3":[0,0],"4":[0,0]},"_coverageSchema":"1a1c01bbd47fc00a2c39e90264f33305004495a9","hash":"1f88409c9b96b78f67a80c74f70b06b6e02659da"}
,"E:\\DFCOM\\mobile\\src\\screens\\Home.tsx": {"path":"E:\\DFCOM\\mobile\\src\\screens\\Home.tsx","statementMap":{"0":{"start":{"line":14,"column":38},"end":{"line":14,"column":55}},"1":{"start":{"line":15,"column":36},"end":{"line":15,"column":50}},"2":{"start":{"line":16,"column":21},"end":{"line":16,"column":62}},"3":{"start":{"line":19,"column":4},"end":{"line":19,"column":49}},"4":{"start":{"line":22,"column":2},"end":{"line":30,"column":16}},"5":{"start":{"line":24,"column":6},"end":{"line":24,"column":24}},"6":{"start":{"line":25,"column":6},"end":{"line":25,"column":27}},"7":{"start":{"line":26,"column":6},"end":{"line":26,"column":25}},"8":{"start":{"line":29,"column":4},"end":{"line":29,"column":18}},"9":{"start":{"line":32,"column":32},"end":{"line":34,"column":10}},"10":{"start":{"line":33,"column":11},"end":{"line":33,"column":31}},"11":{"start":{"line":35,"column":25},"end":{"line":41,"column":16}},"12":{"start":{"line":38,"column":8},"end":{"line":38,"column":73}},"13":{"start":{"line":43,"column":2},"end":{"line":90,"column":3}},"14":{"start":{"line":63,"column":34},"end":{"line":63,"column":42}},"15":{"start":{"line":65,"column":12},"end":{"line":69,"column":14}},"16":{"start":{"line":68,"column":29},"end":{"line":68,"column":64}}},"fnMap":{"0":{"name":"Home","decl":{"start":{"line":13,"column":16},"end":{"line":13,"column":20}},"loc":{"start":{"line":13,"column":23},"end":{"line":91,"column":1}},"line":13},"1":{"name":"handleOpenProductsDetails","decl":{"start":{"line":18,"column":11},"end":{"line":18,"column":36}},"loc":{"start":{"line":18,"column":56},"end":{"line":20,"column":3}},"line":18},"2":{"name":"(anonymous_2)","decl":{"start":{"line":22,"column":12},"end":{"line":22,"column":13}},"loc":{"start":{"line":22,"column":18},"end":{"line":30,"column":3}},"line":22},"3":{"name":"loadProducts","decl":{"start":{"line":23,"column":19},"end":{"line":23,"column":31}},"loc":{"start":{"line":23,"column":34},"end":{"line":27,"column":5}},"line":23},"4":{"name":"(anonymous_4)","decl":{"start":{"line":33,"column":4},"end":{"line":33,"column":5}},"loc":{"start":{"line":33,"column":11},"end":{"line":33,"column":31}},"line":33},"5":{"name":"(anonymous_5)","decl":{"start":{"line":37,"column":6},"end":{"line":37,"column":7}},"loc":{"start":{"line":38,"column":8},"end":{"line":38,"column":73}},"line":38},"6":{"name":"(anonymous_6)","decl":{"start":{"line":63,"column":24},"end":{"line":63,"column":25}},"loc":{"start":{"line":63,"column":34},"end":{"line":63,"column":42}},"line":63},"7":{"name":"(anonymous_7)","decl":{"start":{"line":64,"column":22},"end":{"line":64,"column":23}},"loc":{"start":{"line":65,"column":12},"end":{"line":69,"column":14}},"line":65},"8":{"name":"(anonymous_8)","decl":{"start":{"line":68,"column":23},"end":{"line":68,"column":24}},"loc":{"start":{"line":68,"column":29},"end":{"line":68,"column":64}},"line":68}},"branchMap":{"0":{"loc":{"start":{"line":58,"column":7},"end":{"line":88,"column":7}},"type":"cond-expr","locations":[{"start":{"line":59,"column":8},"end":{"line":59,"column":19}},{"start":{"line":61,"column":8},"end":{"line":87,"column":10}}],"line":58},"1":{"loc":{"start":{"line":77,"column":12},"end":{"line":84,"column":17}},"type":"cond-expr","locations":[{"start":{"line":78,"column":16},"end":{"line":78,"column":75}},{"start":{"line":79,"column":16},"end":{"line":84,"column":17}}],"line":77}},"s":{"0":2,"1":2,"2":2,"3":0,"4":2,"5":2,"6":2,"7":0,"8":2,"9":2,"10":0,"11":2,"12":0,"13":2,"14":0,"15":0,"16":0},"f":{"0":2,"1":0,"2":2,"3":2,"4":0,"5":0,"6":0,"7":0,"8":0},"b":{"0":[2,0],"1":[0,0]},"_coverageSchema":"1a1c01bbd47fc00a2c39e90264f33305004495a9","hash":"661c2ce0996e08267e73c025522b464a356be4f2"}
,"E:\\DFCOM\\mobile\\src\\screens\\ListProducts.tsx": {"path":"E:\\DFCOM\\mobile\\src\\screens\\ListProducts.tsx","statementMap":{"0":{"start":{"line":16,"column":30},"end":{"line":16,"column":45}},"1":{"start":{"line":17,"column":38},"end":{"line":17,"column":50}},"2":{"start":{"line":18,"column":38},"end":{"line":18,"column":55}},"3":{"start":{"line":20,"column":21},"end":{"line":20,"column":62}},"4":{"start":{"line":22,"column":27},"end":{"line":24,"column":3}},"5":{"start":{"line":23,"column":4},"end":{"line":23,"column":67}},"6":{"start":{"line":26,"column":2},"end":{"line":28,"column":16}},"7":{"start":{"line":27,"column":4},"end":{"line":27,"column":19}},"8":{"start":{"line":30,"column":2},"end":{"line":83,"column":3}},"9":{"start":{"line":45,"column":40},"end":{"line":45,"column":59}},"10":{"start":{"line":56,"column":25},"end":{"line":56,"column":43}},"11":{"start":{"line":63,"column":32},"end":{"line":63,"column":39}},"12":{"start":{"line":65,"column":10},"end":{"line":72,"column":12}},"13":{"start":{"line":70,"column":14},"end":{"line":70,"column":73}}},"fnMap":{"0":{"name":"ListProduct","decl":{"start":{"line":15,"column":16},"end":{"line":15,"column":27}},"loc":{"start":{"line":15,"column":30},"end":{"line":84,"column":1}},"line":15},"1":{"name":"(anonymous_1)","decl":{"start":{"line":22,"column":43},"end":{"line":22,"column":44}},"loc":{"start":{"line":23,"column":4},"end":{"line":23,"column":67}},"line":23},"2":{"name":"(anonymous_2)","decl":{"start":{"line":26,"column":12},"end":{"line":26,"column":13}},"loc":{"start":{"line":26,"column":18},"end":{"line":28,"column":3}},"line":26},"3":{"name":"(anonymous_3)","decl":{"start":{"line":45,"column":30},"end":{"line":45,"column":31}},"loc":{"start":{"line":45,"column":40},"end":{"line":45,"column":59}},"line":45},"4":{"name":"(anonymous_4)","decl":{"start":{"line":56,"column":19},"end":{"line":56,"column":20}},"loc":{"start":{"line":56,"column":25},"end":{"line":56,"column":43}},"line":56},"5":{"name":"(anonymous_5)","decl":{"start":{"line":63,"column":22},"end":{"line":63,"column":23}},"loc":{"start":{"line":63,"column":32},"end":{"line":63,"column":39}},"line":63},"6":{"name":"(anonymous_6)","decl":{"start":{"line":64,"column":20},"end":{"line":64,"column":21}},"loc":{"start":{"line":65,"column":10},"end":{"line":72,"column":12}},"line":65},"7":{"name":"(anonymous_7)","decl":{"start":{"line":69,"column":21},"end":{"line":69,"column":22}},"loc":{"start":{"line":70,"column":14},"end":{"line":70,"column":73}},"line":70}},"branchMap":{"0":{"loc":{"start":{"line":33,"column":22},"end":{"line":33,"column":46}},"type":"cond-expr","locations":[{"start":{"line":33,"column":31},"end":{"line":33,"column":37}},{"start":{"line":33,"column":40},"end":{"line":33,"column":46}}],"line":33},"1":{"loc":{"start":{"line":35,"column":9},"end":{"line":53,"column":9}},"type":"cond-expr","locations":[{"start":{},"end":{}},{"start":{},"end":{}}],"line":35},"2":{"loc":{"start":{"line":57,"column":24},"end":{"line":57,"column":40}},"type":"binary-expr","locations":[{"start":{"line":57,"column":24},"end":{"line":57,"column":30}},{"start":{"line":57,"column":34},"end":{"line":57,"column":40}}],"line":57},"3":{"loc":{"start":{"line":76,"column":10},"end":{"line":78,"column":73}},"type":"cond-expr","locations":[{"start":{"line":77,"column":14},"end":{"line":77,"column":73}},{"start":{"line":78,"column":14},"end":{"line":78,"column":73}}],"line":76}},"s":{"0":0,"1":0,"2":0,"3":0,"4":0,"5":0,"6":0,"7":0,"8":0,"9":0,"10":0,"11":0,"12":0,"13":0},"f":{"0":0,"1":0,"2":0,"3":0,"4":0,"5":0,"6":0,"7":0},"b":{"0":[0,0],"1":[0,0],"2":[0,0],"3":[0,0]},"_coverageSchema":"1a1c01bbd47fc00a2c39e90264f33305004495a9","hash":"5c272cf69f3308ba812e5a497ff3fd02887558f2"}
,"E:\\DFCOM\\mobile\\src\\screens\\NewProduct.tsx": {"path":"E:\\DFCOM\\mobile\\src\\screens\\NewProduct.tsx","statementMap":{"0":{"start":{"line":18,"column":25},"end":{"line":26,"column":2}},"1":{"start":{"line":31,"column":25},"end":{"line":31,"column":42}},"2":{"start":{"line":32,"column":23},"end":{"line":32,"column":37}},"3":{"start":{"line":34,"column":21},"end":{"line":34,"column":62}},"4":{"start":{"line":40,"column":6},"end":{"line":49,"column":4}},"5":{"start":{"line":58,"column":4},"end":{"line":78,"column":5}},"6":{"start":{"line":59,"column":26},"end":{"line":59,"column":50}},"7":{"start":{"line":60,"column":21},"end":{"line":60,"column":33}},"8":{"start":{"line":61,"column":23},"end":{"line":69,"column":8}},"9":{"start":{"line":70,"column":25},"end":{"line":70,"column":38}},"10":{"start":{"line":72,"column":6},"end":{"line":72,"column":28}},"11":{"start":{"line":74,"column":6},"end":{"line":74,"column":33}},"12":{"start":{"line":75,"column":6},"end":{"line":75,"column":13}},"13":{"start":{"line":77,"column":6},"end":{"line":77,"column":69}},"14":{"start":{"line":80,"column":2},"end":{"line":177,"column":3}},"15":{"start":{"line":95,"column":14},"end":{"line":100,"column":17}},"16":{"start":{"line":111,"column":14},"end":{"line":116,"column":17}},"17":{"start":{"line":125,"column":14},"end":{"line":134,"column":17}},"18":{"start":{"line":145,"column":14},"end":{"line":150,"column":17}},"19":{"start":{"line":159,"column":14},"end":{"line":168,"column":17}}},"fnMap":{"0":{"name":"NewProduct","decl":{"start":{"line":30,"column":16},"end":{"line":30,"column":26}},"loc":{"start":{"line":30,"column":29},"end":{"line":178,"column":1}},"line":30},"1":{"name":"onSubmit","decl":{"start":{"line":51,"column":17},"end":{"line":51,"column":25}},"loc":{"start":{"line":57,"column":21},"end":{"line":79,"column":3}},"line":57},"2":{"name":"(anonymous_2)","decl":{"start":{"line":94,"column":20},"end":{"line":94,"column":21}},"loc":{"start":{"line":95,"column":14},"end":{"line":100,"column":17}},"line":95},"3":{"name":"(anonymous_3)","decl":{"start":{"line":110,"column":20},"end":{"line":110,"column":21}},"loc":{"start":{"line":111,"column":14},"end":{"line":116,"column":17}},"line":111},"4":{"name":"(anonymous_4)","decl":{"start":{"line":124,"column":20},"end":{"line":124,"column":21}},"loc":{"start":{"line":125,"column":14},"end":{"line":134,"column":17}},"line":125},"5":{"name":"(anonymous_5)","decl":{"start":{"line":144,"column":20},"end":{"line":144,"column":21}},"loc":{"start":{"line":145,"column":14},"end":{"line":150,"column":17}},"line":145},"6":{"name":"(anonymous_6)","decl":{"start":{"line":158,"column":20},"end":{"line":158,"column":21}},"loc":{"start":{"line":159,"column":14},"end":{"line":168,"column":17}},"line":159}},"branchMap":{"0":{"loc":{"start":{"line":172,"column":28},"end":{"line":172,"column":53}},"type":"cond-expr","locations":[{"start":{"line":172,"column":37},"end":{"line":172,"column":43}},{"start":{"line":172,"column":46},"end":{"line":172,"column":53}}],"line":172}},"s":{"0":1,"1":0,"2":0,"3":0,"4":0,"5":0,"6":0,"7":0,"8":0,"9":0,"10":0,"11":0,"12":0,"13":0,"14":0,"15":0,"16":0,"17":0,"18":0,"19":0},"f":{"0":0,"1":0,"2":0,"3":0,"4":0,"5":0,"6":0},"b":{"0":[0,0]},"_coverageSchema":"1a1c01bbd47fc00a2c39e90264f33305004495a9","hash":"b14cd3fdba90faade0425721a9311df5df9e5e21"}
,"E:\\DFCOM\\mobile\\src\\screens\\SignIn.tsx": {"path":"E:\\DFCOM\\mobile\\src\\screens\\SignIn.tsx","statementMap":{"0":{"start":{"line":16,"column":21},"end":{"line":19,"column":2}},"1":{"start":{"line":24,"column":21},"end":{"line":24,"column":63}},"2":{"start":{"line":25,"column":36},"end":{"line":25,"column":51}},"3":{"start":{"line":26,"column":17},"end":{"line":26,"column":54}},"4":{"start":{"line":26,"column":41},"end":{"line":26,"column":53}},"5":{"start":{"line":32,"column":6},"end":{"line":34,"column":4}},"6":{"start":{"line":37,"column":4},"end":{"line":45,"column":5}},"7":{"start":{"line":38,"column":6},"end":{"line":38,"column":24}},"8":{"start":{"line":39,"column":34},"end":{"line":39,"column":38}},"9":{"start":{"line":40,"column":6},"end":{"line":40,"column":35}},"10":{"start":{"line":42,"column":6},"end":{"line":42,"column":50}},"11":{"start":{"line":44,"column":6},"end":{"line":44,"column":25}},"12":{"start":{"line":49,"column":4},"end":{"line":49,"column":33}},"13":{"start":{"line":51,"column":2},"end":{"line":128,"column":3}},"14":{"start":{"line":71,"column":12},"end":{"line":84,"column":15}},"15":{"start":{"line":91,"column":12},"end":{"line":107,"column":15}}},"fnMap":{"0":{"name":"SignIn","decl":{"start":{"line":23,"column":16},"end":{"line":23,"column":22}},"loc":{"start":{"line":23,"column":25},"end":{"line":129,"column":1}},"line":23},"1":{"name":"(anonymous_1)","decl":{"start":{"line":26,"column":30},"end":{"line":26,"column":31}},"loc":{"start":{"line":26,"column":41},"end":{"line":26,"column":53}},"line":26},"2":{"name":"onSubmit","decl":{"start":{"line":36,"column":17},"end":{"line":36,"column":25}},"loc":{"start":{"line":36,"column":44},"end":{"line":46,"column":3}},"line":36},"3":{"name":"handleNewAccount","decl":{"start":{"line":48,"column":11},"end":{"line":48,"column":27}},"loc":{"start":{"line":48,"column":30},"end":{"line":50,"column":3}},"line":48},"4":{"name":"(anonymous_4)","decl":{"start":{"line":70,"column":18},"end":{"line":70,"column":19}},"loc":{"start":{"line":71,"column":12},"end":{"line":84,"column":15}},"line":71},"5":{"name":"(anonymous_5)","decl":{"start":{"line":90,"column":18},"end":{"line":90,"column":19}},"loc":{"start":{"line":91,"column":12},"end":{"line":107,"column":15}},"line":91}},"branchMap":{},"s":{"0":1,"1":5,"2":5,"3":4,"4":0,"5":4,"6":0,"7":0,"8":0,"9":0,"10":0,"11":0,"12":0,"13":4,"14":7,"15":8},"f":{"0":5,"1":0,"2":0,"3":0,"4":7,"5":8},"b":{},"_coverageSchema":"1a1c01bbd47fc00a2c39e90264f33305004495a9","hash":"7ac1069e92d23e4fb0f2d7590f4677b04acfa416"}
,"E:\\DFCOM\\mobile\\src\\stores\\product-storage.ts": {"path":"E:\\DFCOM\\mobile\\src\\stores\\product-storage.ts","statementMap":{"0":{"start":{"line":27,"column":31},"end":{"line":70,"column":3}},"1":{"start":{"line":27,"column":62},"end":{"line":70,"column":1}},"2":{"start":{"line":32,"column":4},"end":{"line":34,"column":7}},"3":{"start":{"line":32,"column":20},"end":{"line":34,"column":5}},"4":{"start":{"line":36,"column":4},"end":{"line":38,"column":7}},"5":{"start":{"line":36,"column":15},"end":{"line":38,"column":5}},"6":{"start":{"line":41,"column":4},"end":{"line":45,"column":7}},"7":{"start":{"line":41,"column":20},"end":{"line":45,"column":5}},"8":{"start":{"line":43,"column":8},"end":{"line":43,"column":67}},"9":{"start":{"line":48,"column":4},"end":{"line":50,"column":7}},"10":{"start":{"line":48,"column":20},"end":{"line":50,"column":5}},"11":{"start":{"line":49,"column":51},"end":{"line":49,"column":75}},"12":{"start":{"line":53,"column":4},"end":{"line":58,"column":5}},"13":{"start":{"line":54,"column":23},"end":{"line":54,"column":49}},"14":{"start":{"line":55,"column":6},"end":{"line":55,"column":38}},"15":{"start":{"line":57,"column":6},"end":{"line":57,"column":55}},"16":{"start":{"line":62,"column":4},"end":{"line":64,"column":7}},"17":{"start":{"line":62,"column":15},"end":{"line":64,"column":5}},"18":{"start":{"line":67,"column":4},"end":{"line":69,"column":7}},"19":{"start":{"line":67,"column":15},"end":{"line":69,"column":5}}},"fnMap":{"0":{"name":"(anonymous_0)","decl":{"start":{"line":27,"column":52},"end":{"line":27,"column":53}},"loc":{"start":{"line":27,"column":62},"end":{"line":70,"column":1}},"line":27},"1":{"name":"(anonymous_1)","decl":{"start":{"line":31,"column":14},"end":{"line":31,"column":15}},"loc":{"start":{"line":32,"column":4},"end":{"line":34,"column":7}},"line":32},"2":{"name":"(anonymous_2)","decl":{"start":{"line":32,"column":8},"end":{"line":32,"column":9}},"loc":{"start":{"line":32,"column":20},"end":{"line":34,"column":5}},"line":32},"3":{"name":"(anonymous_3)","decl":{"start":{"line":35,"column":15},"end":{"line":35,"column":16}},"loc":{"start":{"line":36,"column":4},"end":{"line":38,"column":7}},"line":36},"4":{"name":"(anonymous_4)","decl":{"start":{"line":36,"column":8},"end":{"line":36,"column":9}},"loc":{"start":{"line":36,"column":15},"end":{"line":38,"column":5}},"line":36},"5":{"name":"(anonymous_5)","decl":{"start":{"line":40,"column":17},"end":{"line":40,"column":18}},"loc":{"start":{"line":41,"column":4},"end":{"line":45,"column":7}},"line":41},"6":{"name":"(anonymous_6)","decl":{"start":{"line":41,"column":8},"end":{"line":41,"column":9}},"loc":{"start":{"line":41,"column":20},"end":{"line":45,"column":5}},"line":41},"7":{"name":"(anonymous_7)","decl":{"start":{"line":42,"column":35},"end":{"line":42,"column":36}},"loc":{"start":{"line":43,"column":8},"end":{"line":43,"column":67}},"line":43},"8":{"name":"(anonymous_8)","decl":{"start":{"line":47,"column":17},"end":{"line":47,"column":18}},"loc":{"start":{"line":48,"column":4},"end":{"line":50,"column":7}},"line":48},"9":{"name":"(anonymous_9)","decl":{"start":{"line":48,"column":8},"end":{"line":48,"column":9}},"loc":{"start":{"line":48,"column":20},"end":{"line":50,"column":5}},"line":48},"10":{"name":"(anonymous_10)","decl":{"start":{"line":49,"column":38},"end":{"line":49,"column":39}},"loc":{"start":{"line":49,"column":51},"end":{"line":49,"column":75}},"line":49},"11":{"name":"(anonymous_11)","decl":{"start":{"line":52,"column":17},"end":{"line":52,"column":18}},"loc":{"start":{"line":52,"column":29},"end":{"line":59,"column":3}},"line":52},"12":{"name":"(anonymous_12)","decl":{"start":{"line":61,"column":18},"end":{"line":61,"column":19}},"loc":{"start":{"line":62,"column":4},"end":{"line":64,"column":7}},"line":62},"13":{"name":"(anonymous_13)","decl":{"start":{"line":62,"column":8},"end":{"line":62,"column":9}},"loc":{"start":{"line":62,"column":15},"end":{"line":64,"column":5}},"line":62},"14":{"name":"(anonymous_14)","decl":{"start":{"line":66,"column":20},"end":{"line":66,"column":21}},"loc":{"start":{"line":67,"column":4},"end":{"line":69,"column":7}},"line":67},"15":{"name":"(anonymous_15)","decl":{"start":{"line":67,"column":8},"end":{"line":67,"column":9}},"loc":{"start":{"line":67,"column":15},"end":{"line":69,"column":5}},"line":67}},"branchMap":{"0":{"loc":{"start":{"line":43,"column":8},"end":{"line":43,"column":67}},"type":"cond-expr","locations":[{"start":{"line":43,"column":43},"end":{"line":43,"column":57}},{"start":{"line":43,"column":60},"end":{"line":43,"column":67}}],"line":43}},"s":{"0":2,"1":2,"2":1,"3":1,"4":0,"5":0,"6":0,"7":0,"8":0,"9":0,"10":0,"11":0,"12":3,"13":3,"14":1,"15":0,"16":1,"17":1,"18":0,"19":0},"f":{"0":2,"1":1,"2":1,"3":0,"4":0,"5":0,"6":0,"7":0,"8":0,"9":0,"10":0,"11":3,"12":1,"13":1,"14":0,"15":0},"b":{"0":[0,0]},"_coverageSchema":"1a1c01bbd47fc00a2c39e90264f33305004495a9","hash":"5de06b6aae2ae495342691bb8dd7872a2a437684"}
,"E:\\DFCOM\\mobile\\src\\stores\\users-storage.tsx": {"path":"E:\\DFCOM\\mobile\\src\\stores\\users-storage.tsx","statementMap":{"0":{"start":{"line":20,"column":28},"end":{"line":48,"column":3}},"1":{"start":{"line":20,"column":56},"end":{"line":48,"column":1}},"2":{"start":{"line":24,"column":27},"end":{"line":24,"column":78}},"3":{"start":{"line":24,"column":43},"end":{"line":24,"column":76}},"4":{"start":{"line":27,"column":4},"end":{"line":42,"column":5}},"5":{"start":{"line":28,"column":23},"end":{"line":28,"column":46}},"6":{"start":{"line":29,"column":20},"end":{"line":29,"column":33}},"7":{"start":{"line":31,"column":19},"end":{"line":33,"column":7}},"8":{"start":{"line":32,"column":20},"end":{"line":32,"column":64}},"9":{"start":{"line":35,"column":6},"end":{"line":39,"column":7}},"10":{"start":{"line":36,"column":8},"end":{"line":36,"column":31}},"11":{"start":{"line":38,"column":8},"end":{"line":38,"column":66}},"12":{"start":{"line":41,"column":6},"end":{"line":41,"column":50}},"13":{"start":{"line":46,"column":4},"end":{"line":46,"column":27}}},"fnMap":{"0":{"name":"(anonymous_0)","decl":{"start":{"line":20,"column":46},"end":{"line":20,"column":47}},"loc":{"start":{"line":20,"column":56},"end":{"line":48,"column":1}},"line":20},"1":{"name":"(anonymous_1)","decl":{"start":{"line":24,"column":11},"end":{"line":24,"column":12}},"loc":{"start":{"line":24,"column":27},"end":{"line":24,"column":78}},"line":24},"2":{"name":"(anonymous_2)","decl":{"start":{"line":24,"column":31},"end":{"line":24,"column":32}},"loc":{"start":{"line":24,"column":43},"end":{"line":24,"column":76}},"line":24},"3":{"name":"(anonymous_3)","decl":{"start":{"line":26,"column":10},"end":{"line":26,"column":11}},"loc":{"start":{"line":26,"column":53},"end":{"line":43,"column":3}},"line":26},"4":{"name":"(anonymous_4)","decl":{"start":{"line":32,"column":8},"end":{"line":32,"column":9}},"loc":{"start":{"line":32,"column":20},"end":{"line":32,"column":64}},"line":32},"5":{"name":"(anonymous_5)","decl":{"start":{"line":45,"column":10},"end":{"line":45,"column":11}},"loc":{"start":{"line":45,"column":16},"end":{"line":47,"column":3}},"line":45}},"branchMap":{"0":{"loc":{"start":{"line":32,"column":20},"end":{"line":32,"column":64}},"type":"binary-expr","locations":[{"start":{"line":32,"column":20},"end":{"line":32,"column":37}},{"start":{"line":32,"column":41},"end":{"line":32,"column":64}}],"line":32},"1":{"loc":{"start":{"line":35,"column":6},"end":{"line":39,"column":7}},"type":"if","locations":[{"start":{"line":35,"column":6},"end":{"line":39,"column":7}},{"start":{"line":37,"column":13},"end":{"line":39,"column":7}}],"line":35}},"s":{"0":3,"1":3,"2":1,"3":1,"4":2,"5":2,"6":2,"7":2,"8":2,"9":2,"10":1,"11":1,"12":0,"13":1},"f":{"0":3,"1":1,"2":1,"3":2,"4":2,"5":1},"b":{"0":[2,1],"1":[1,1]},"_coverageSchema":"1a1c01bbd47fc00a2c39e90264f33305004495a9","hash":"8694700294be222f5c6258dc088d3bd285bc193c"}
,"E:\\DFCOM\\mobile\\src\\utils\\functions\\formatCurrency.ts": {"path":"E:\\DFCOM\\mobile\\src\\utils\\functions\\formatCurrency.ts","statementMap":{"0":{"start":{"line":3,"column":2},"end":{"line":8,"column":23}}},"fnMap":{"0":{"name":"formatCurrency","decl":{"start":{"line":2,"column":16},"end":{"line":2,"column":30}},"loc":{"start":{"line":2,"column":46},"end":{"line":9,"column":1}},"line":2}},"branchMap":{},"s":{"0":7},"f":{"0":7},"b":{},"_coverageSchema":"1a1c01bbd47fc00a2c39e90264f33305004495a9","hash":"fe4526d37017d29f1e38fe1c005bad198a18a0ef"}
,"E:\\DFCOM\\mobile\\tests\\mocks\\mockResponseProduct.ts": {"path":"E:\\DFCOM\\mobile\\tests\\mocks\\mockResponseProduct.ts","statementMap":{"0":{"start":{"line":3,"column":44},"end":{"line":12,"column":1}},"1":{"start":{"line":13,"column":47},"end":{"line":74,"column":1}}},"fnMap":{},"branchMap":{},"s":{"0":1,"1":1},"f":{},"b":{},"_coverageSchema":"1a1c01bbd47fc00a2c39e90264f33305004495a9","hash":"56b3b63f1665a6002103d0d8d3a14444a21972ed"}
,"E:\\DFCOM\\mobile\\tests\\mocks\\mockResponseUsers.ts": {"path":"E:\\DFCOM\\mobile\\tests\\mocks\\mockResponseUsers.ts","statementMap":{"0":{"start":{"line":3,"column":38},"end":{"line":8,"column":1}}},"fnMap":{},"branchMap":{},"s":{"0":1},"f":{},"b":{},"_coverageSchema":"1a1c01bbd47fc00a2c39e90264f33305004495a9","hash":"90c66821e2aa7faaef324a2f7cd94f4c5082996c"}
}
