TN:
SF:src\components\button.tsx
FN:9,Button
FNF:1
FNH:1
FNDA:12,Button
DA:10,12
LF:1
LH:1
BRDA:17,0,0,1
BRDA:17,0,1,11
BRF:2
BRH:2
end_of_record
TN:
SF:src\components\cardsMonitoring.tsx
FN:8,CardsMonitoring
FNF:1
FNH:1
FNDA:6,CardsMonitoring
DA:9,6
LF:1
LH:1
BRF:0
BRH:0
end_of_record
TN:
SF:src\components\cardsProduct.tsx
FN:10,CardProducts
FNF:1
FNH:1
FNDA:2,CardProducts
DA:11,2
LF:1
LH:1
BRF:0
BRH:0
end_of_record
TN:
SF:src\components\errorMessage.tsx
FN:8,ErrorMessage
FNF:1
FNH:1
FNDA:18,ErrorMessage
DA:9,18
LF:1
LH:1
BRDA:13,0,0,4
BRDA:13,0,1,14
BRF:2
BRH:2
end_of_record
TN:
SF:src\components\flatListEmpty.tsx
FN:3,FlatListEmpty
FNF:1
FNH:1
FNDA:1,FlatListEmpty
DA:4,1
LF:1
LH:1
BRF:0
BRH:0
end_of_record
TN:
SF:src\components\homeHeader.tsx
FN:7,HomeHeader
FNF:1
FNH:1
FNDA:2,HomeHeader
DA:8,2
DA:9,2
LF:2
LH:2
BRF:0
BRH:0
end_of_record
TN:
SF:src\components\input.tsx
FN:8,Input
FN:19,Field
FNF:2
FNH:2
FNDA:15,Input
FNDA:15,Field
DA:9,15
DA:20,15
DA:25,2
LF:3
LH:3
BRF:0
BRH:0
end_of_record
TN:
SF:src\components\loading.tsx
FN:3,Loading
FNF:1
FNH:1
FNDA:3,Loading
DA:4,3
LF:1
LH:1
BRF:0
BRH:0
end_of_record
TN:
SF:src\components\productsRecent.tsx
FN:10,ProductsRecent
FNF:1
FNH:1
FNDA:1,ProductsRecent
DA:11,1
LF:1
LH:1
BRF:0
BRH:0
end_of_record
TN:
SF:src\lib\api.ts
FNF:0
FNH:0
DA:3,4
LF:1
LH:1
BRF:0
BRH:0
end_of_record
TN:
SF:src\routes\app.routes.tsx
FN:26,AppRoutes
FN:47,(anonymous_1)
FN:56,(anonymous_2)
FN:65,(anonymous_3)
FN:74,(anonymous_4)
FN:81,(anonymous_5)
FNF:6
FNH:6
FNDA:3,AppRoutes
FNDA:4,(anonymous_1)
FNDA:4,(anonymous_2)
FNDA:4,(anonymous_3)
FNDA:2,(anonymous_4)
FNDA:2,(anonymous_5)
DA:24,1
DA:27,3
DA:48,4
DA:57,4
DA:66,4
DA:74,2
DA:81,2
LF:7
LH:7
BRDA:37,0,0,0
BRDA:37,0,1,3
BRF:2
BRH:1
end_of_record
TN:
SF:src\screens\DetailsProduct.tsx
FN:17,DetailsProduct
FN:27,fetchProductsDetails
FN:39,(anonymous_2)
FN:43,handleDeleteProduct
FN:55,(anonymous_4)
FN:81,(anonymous_5)
FN:126,(anonymous_6)
FN:131,(anonymous_7)
FNF:8
FNH:0
FNDA:0,DetailsProduct
FNDA:0,fetchProductsDetails
FNDA:0,(anonymous_2)
FNDA:0,handleDeleteProduct
FNDA:0,(anonymous_4)
FNDA:0,(anonymous_5)
FNDA:0,(anonymous_6)
FNDA:0,(anonymous_7)
DA:19,0
DA:20,0
DA:21,0
DA:22,0
DA:23,0
DA:25,0
DA:28,0
DA:29,0
DA:30,0
DA:31,0
DA:33,0
DA:35,0
DA:39,0
DA:40,0
DA:44,0
DA:45,0
DA:56,0
DA:57,0
DA:58,0
DA:59,0
DA:60,0
DA:61,0
DA:63,0
DA:70,0
DA:74,0
DA:75,0
DA:78,0
DA:81,0
DA:126,0
DA:131,0
LF:30
LH:0
BRDA:74,0,0,0
BRDA:74,0,1,0
BRDA:121,1,0,0
BRDA:121,1,1,0
BRF:4
BRH:0
end_of_record
TN:
SF:src\screens\EditProduct.tsx
FN:26,EditProduct
FN:33,(anonymous_1)
FN:51,handleCancel
FN:56,onSubmit
FN:85,(anonymous_4)
FN:98,(anonymous_5)
FN:111,(anonymous_6)
FN:124,(anonymous_7)
FN:137,(anonymous_8)
FNF:9
FNH:0
FNDA:0,EditProduct
FNDA:0,(anonymous_1)
FNDA:0,handleCancel
FNDA:0,onSubmit
FNDA:0,(anonymous_4)
FNDA:0,(anonymous_5)
FNDA:0,(anonymous_6)
FNDA:0,(anonymous_7)
FNDA:0,(anonymous_8)
DA:14,1
DA:27,0
DA:28,0
DA:30,0
DA:31,0
DA:33,0
DA:40,0
DA:52,0
DA:53,0
DA:57,0
DA:58,0
DA:60,0
DA:62,0
DA:64,0
DA:65,0
DA:67,0
DA:69,0
DA:73,0
DA:86,0
DA:99,0
DA:112,0
DA:125,0
DA:138,0
LF:23
LH:1
BRDA:43,0,0,0
BRDA:43,0,1,0
BRDA:44,1,0,0
BRDA:44,1,1,0
BRDA:45,2,0,0
BRDA:45,2,1,0
BRDA:46,3,0,0
BRDA:46,3,1,0
BRDA:47,4,0,0
BRDA:47,4,1,0
BRF:10
BRH:0
end_of_record
TN:
SF:src\screens\Home.tsx
FN:13,Home
FN:18,handleOpenProductsDetails
FN:22,(anonymous_2)
FN:23,loadProducts
FN:33,(anonymous_4)
FN:37,(anonymous_5)
FN:63,(anonymous_6)
FN:64,(anonymous_7)
FN:68,(anonymous_8)
FNF:9
FNH:3
FNDA:2,Home
FNDA:0,handleOpenProductsDetails
FNDA:2,(anonymous_2)
FNDA:2,loadProducts
FNDA:0,(anonymous_4)
FNDA:0,(anonymous_5)
FNDA:0,(anonymous_6)
FNDA:0,(anonymous_7)
FNDA:0,(anonymous_8)
DA:14,2
DA:15,2
DA:16,2
DA:19,0
DA:22,2
DA:24,2
DA:25,2
DA:26,0
DA:29,2
DA:32,2
DA:33,0
DA:35,2
DA:38,0
DA:43,2
DA:63,0
DA:65,0
DA:68,0
LF:17
LH:10
BRDA:58,0,0,2
BRDA:58,0,1,0
BRDA:77,1,0,0
BRDA:77,1,1,0
BRF:4
BRH:1
end_of_record
TN:
SF:src\screens\ListProducts.tsx
FN:15,ListProduct
FN:22,(anonymous_1)
FN:26,(anonymous_2)
FN:45,(anonymous_3)
FN:56,(anonymous_4)
FN:63,(anonymous_5)
FN:64,(anonymous_6)
FN:69,(anonymous_7)
FNF:8
FNH:0
FNDA:0,ListProduct
FNDA:0,(anonymous_1)
FNDA:0,(anonymous_2)
FNDA:0,(anonymous_3)
FNDA:0,(anonymous_4)
FNDA:0,(anonymous_5)
FNDA:0,(anonymous_6)
FNDA:0,(anonymous_7)
DA:16,0
DA:17,0
DA:18,0
DA:20,0
DA:22,0
DA:23,0
DA:26,0
DA:27,0
DA:30,0
DA:45,0
DA:56,0
DA:63,0
DA:65,0
DA:70,0
LF:14
LH:0
BRDA:33,0,0,0
BRDA:33,0,1,0
BRDA:35,1,0,0
BRDA:35,1,1,0
BRDA:57,2,0,0
BRDA:57,2,1,0
BRDA:76,3,0,0
BRDA:76,3,1,0
BRF:8
BRH:0
end_of_record
TN:
SF:src\screens\NewProduct.tsx
FN:30,NewProduct
FN:51,onSubmit
FN:94,(anonymous_2)
FN:110,(anonymous_3)
FN:124,(anonymous_4)
FN:144,(anonymous_5)
FN:158,(anonymous_6)
FNF:7
FNH:0
FNDA:0,NewProduct
FNDA:0,onSubmit
FNDA:0,(anonymous_2)
FNDA:0,(anonymous_3)
FNDA:0,(anonymous_4)
FNDA:0,(anonymous_5)
FNDA:0,(anonymous_6)
DA:18,1
DA:31,0
DA:32,0
DA:34,0
DA:40,0
DA:58,0
DA:59,0
DA:60,0
DA:61,0
DA:70,0
DA:72,0
DA:74,0
DA:75,0
DA:77,0
DA:80,0
DA:95,0
DA:111,0
DA:125,0
DA:145,0
DA:159,0
LF:20
LH:1
BRDA:172,0,0,0
BRDA:172,0,1,0
BRF:2
BRH:0
end_of_record
TN:
SF:src\screens\SignIn.tsx
FN:23,SignIn
FN:26,(anonymous_1)
FN:36,onSubmit
FN:48,handleNewAccount
FN:70,(anonymous_4)
FN:90,(anonymous_5)
FNF:6
FNH:3
FNDA:5,SignIn
FNDA:0,(anonymous_1)
FNDA:0,onSubmit
FNDA:0,handleNewAccount
FNDA:7,(anonymous_4)
FNDA:8,(anonymous_5)
DA:16,1
DA:24,5
DA:25,5
DA:26,4
DA:32,4
DA:37,0
DA:38,0
DA:39,0
DA:40,0
DA:42,0
DA:44,0
DA:49,0
DA:51,4
DA:71,7
DA:91,8
LF:15
LH:8
BRF:0
BRH:0
end_of_record
TN:
SF:src\stores\product-storage.ts
FN:27,(anonymous_0)
FN:31,(anonymous_1)
FN:32,(anonymous_2)
FN:35,(anonymous_3)
FN:36,(anonymous_4)
FN:40,(anonymous_5)
FN:41,(anonymous_6)
FN:42,(anonymous_7)
FN:47,(anonymous_8)
FN:48,(anonymous_9)
FN:49,(anonymous_10)
FN:52,(anonymous_11)
FN:61,(anonymous_12)
FN:62,(anonymous_13)
FN:66,(anonymous_14)
FN:67,(anonymous_15)
FNF:16
FNH:6
FNDA:2,(anonymous_0)
FNDA:1,(anonymous_1)
FNDA:1,(anonymous_2)
FNDA:0,(anonymous_3)
FNDA:0,(anonymous_4)
FNDA:0,(anonymous_5)
FNDA:0,(anonymous_6)
FNDA:0,(anonymous_7)
FNDA:0,(anonymous_8)
FNDA:0,(anonymous_9)
FNDA:0,(anonymous_10)
FNDA:3,(anonymous_11)
FNDA:1,(anonymous_12)
FNDA:1,(anonymous_13)
FNDA:0,(anonymous_14)
FNDA:0,(anonymous_15)
DA:27,2
DA:32,1
DA:36,0
DA:41,0
DA:43,0
DA:48,0
DA:49,0
DA:53,3
DA:54,3
DA:55,1
DA:57,0
DA:62,1
DA:67,0
LF:13
LH:6
BRDA:43,0,0,0
BRDA:43,0,1,0
BRF:2
BRH:0
end_of_record
TN:
SF:src\stores\users-storage.tsx
FN:20,(anonymous_0)
FN:24,(anonymous_1)
FN:24,(anonymous_2)
FN:26,(anonymous_3)
FN:32,(anonymous_4)
FN:45,(anonymous_5)
FNF:6
FNH:6
FNDA:3,(anonymous_0)
FNDA:1,(anonymous_1)
FNDA:1,(anonymous_2)
FNDA:2,(anonymous_3)
FNDA:2,(anonymous_4)
FNDA:1,(anonymous_5)
DA:20,3
DA:24,1
DA:27,2
DA:28,2
DA:29,2
DA:31,2
DA:32,2
DA:35,2
DA:36,1
DA:38,1
DA:41,0
DA:46,1
LF:12
LH:11
BRDA:32,0,0,2
BRDA:32,0,1,1
BRDA:35,1,0,1
BRDA:35,1,1,1
BRF:4
BRH:4
end_of_record
TN:
SF:src\utils\functions\formatCurrency.ts
FN:2,formatCurrency
FNF:1
FNH:1
FNDA:7,formatCurrency
DA:3,7
LF:1
LH:1
BRF:0
BRH:0
end_of_record
TN:
SF:tests\mocks\mockResponseProduct.ts
FNF:0
FNH:0
DA:3,1
DA:13,1
LF:2
LH:2
BRF:0
BRH:0
end_of_record
TN:
SF:tests\mocks\mockResponseUsers.ts
FNF:0
FNH:0
DA:3,1
LF:1
LH:1
BRF:0
BRH:0
end_of_record
